Script began: Sun Mar 5 11:04:37 PST 2017
Node: compute-1-14.local
Current directory: /data/users/chikhant/hw3

=== Running 5 trials of naive ... ===
*** Trial 1 ***
N: 8388608
Timer: gettimeofday
Timer resolution: ~ 1 us (?)
Time to execute naive GPU reduction kernel: 0.003449 secs
Effective bandwidth: 9.73 GB/s
Time to execute naive CPU reduction: 0.125377 secs
SUCCESS: GPU: 41.932472 	CPU: 41.932472
*** Trial 2 ***
N: 8388608
Timer: gettimeofday
Timer resolution: ~ 1 us (?)
Time to execute naive GPU reduction kernel: 0.003354 secs
Effective bandwidth: 10.00 GB/s
Time to execute naive CPU reduction: 0.112823 secs
SUCCESS: GPU: 41.937958 	CPU: 41.937954
*** Trial 3 ***
N: 8388608
Timer: gettimeofday
Timer resolution: ~ 1 us (?)
Time to execute naive GPU reduction kernel: 0.003393 secs
Effective bandwidth: 9.89 GB/s
Time to execute naive CPU reduction: 0.116264 secs
SUCCESS: GPU: 41.937958 	CPU: 41.937954
*** Trial 4 ***
N: 8388608
Timer: gettimeofday
Timer resolution: ~ 1 us (?)
Time to execute naive GPU reduction kernel: 0.003389 secs
Effective bandwidth: 9.90 GB/s
Time to execute naive CPU reduction: 0.114101 secs
SUCCESS: GPU: 41.938168 	CPU: 41.938168
*** Trial 5 ***
N: 8388608
Timer: gettimeofday
Timer resolution: ~ 1 us (?)
Time to execute naive GPU reduction kernel: 0.003353 secs
Effective bandwidth: 10.01 GB/s
Time to execute naive CPU reduction: 0.11614 secs
SUCCESS: GPU: 41.955299 	CPU: 41.955299

=== Done! ===
